<?xml version="1.0" encoding="UTF-8"?>
<testsuite name="com.vishnujanarthanan.calculator.CalculatorTest" tests="1" skipped="0" failures="0" errors="0" timestamp="2017-11-21T08:46:46" hostname="vishnu-VirtualBox" time="0.002">
  <properties/>
  <testcase name="testSum" classname="com.vishnujanarthanan.calculator.CalculatorTest" time="0.002"/>
  <system-out><![CDATA[]]></system-out>
  <system-err><![CDATA[]]></system-err>
</testsuite>
